INFO:  latexindent version 3.9.1, 2021-03-21, a script to indent .tex files
       latexindent lives here: /usr/share/texmf-dist/scripts/latexindent/
       Sun Sep  5 14:51:49 2021
       Filename: /home/iyan/PUC/IA/lista_3/questoes.tex
INFO:  Processing switches:
INFO:  Directory for backup files and indent.log: /home/iyan/PUC/IA/lista_3
INFO:  YAML settings read: defaultSettings.yaml
        Reading defaultSettings.yaml from /usr/share/texmf-dist/scripts/latexindent/defaultSettings.yaml
INFO:  YAML settings read: indentconfig.yaml or .indentconfig.yaml
       Home directory is /home/iyan (didn't find either indentconfig.yaml or .indentconfig.yaml)
       To specify user settings you would put indentconfig.yaml here: /home/iyan/indentconfig.yaml
       Alternatively, you can use the hidden file .indentconfig.yaml as: /home/iyan/.indentconfig.yaml
INFO:  Phase 1: searching for objects
INFO:  Phase 2: finding surrounding indentation
INFO:  Phase 3: indenting objects
INFO:  Phase 4: final indentation check
INFO:  Output routine:
       Not outputting to file; see -w and -o switches for more options.
       --------------
INFO:  Please direct all communication/issues to:
        https://github.com/cmhughes/latexindent.pl
